<?xml version="1.0" encoding="UTF-8"?>
<testsuite xmlns:xsi="http://www.w3.org/2001/XMLSchema-instance" xsi:noNamespaceSchemaLocation="https://maven.apache.org/surefire/maven-surefire-plugin/xsd/surefire-test-report.xsd" version="3.0.2" name="TestSuite" time="7.497" tests="1" errors="0" skipped="0" failures="1">
  <properties>
[...]
</properties>
  <testcase name="runScenario[&quot;validation of title page&quot;, &quot;Homepage Functionality&quot;](1)" classname="uiappfeature.AmazonTestRunner" time="3.662">
    <failure message="expected [true] but found [false]" type="java.lang.AssertionError"><![CDATA[java.lang.AssertionError: expected [true] but found [false]
	at org.testng.Assert.fail(Assert.java:110)
	at org.testng.Assert.failNotEquals(Assert.java:1577)
	at org.testng.Assert.assertEqualsImpl(Assert.java:149)
	at org.testng.Assert.assertEquals(Assert.java:131)
	at org.testng.Assert.assertEquals(Assert.java:1066)
	at org.testng.Assert.assertEquals(Assert.java:1030)
	at org.testng.Assert.assertEquals(Assert.java:1076)
	at uiappfeature.HomePageSteps.page_title_should_contains(HomePageSteps.java:28)
	at ✽.Page title should contains "Shopping"(file:///C:/Users/user/eclipse-workspace/BDDCucumberBasics/src/test/resources/parallel/Homepage.feature:5)
]]></failure>
    <system-out><![CDATA[
@sanity
Scenario: validation of title page           &amp#27;[90m# src/test/resources/parallel/Homepage.feature:3&amp#27;[0m
Chrome
Browsername from command prompt received: null
  &amp#27;[32mGiven &amp#27;[0m&amp#27;[32mI am at the landing page&amp#27;[0m             &amp#27;[90m# uiappfeature.HomePageSteps.i_am_at_the_landing_page()&amp#27;[0m
  &amp#27;[31mThen &amp#27;[0m&amp#27;[31mPage title should contains &amp#27;[0m&amp#27;[31m&amp#27;[1m"Shopping"&amp#27;[0m &amp#27;[90m# uiappfeature.HomePageSteps.page_title_should_contains(java.lang.String)&amp#27;[0m
      &amp#27;[31mjava.lang.AssertionError: expected [true] but found [false]
	at org.testng.Assert.fail(Assert.java:110)
	at org.testng.Assert.failNotEquals(Assert.java:1577)
	at org.testng.Assert.assertEqualsImpl(Assert.java:149)
	at org.testng.Assert.assertEquals(Assert.java:131)
	at org.testng.Assert.assertEquals(Assert.java:1066)
	at org.testng.Assert.assertEquals(Assert.java:1030)
	at org.testng.Assert.assertEquals(Assert.java:1076)
	at uiappfeature.HomePageSteps.page_title_should_contains(HomePageSteps.java:28)
	at ✽.Page title should contains "Shopping"(file:///C:/Users/user/eclipse-workspace/BDDCucumberBasics/src/test/resources/parallel/Homepage.feature:5)
&amp#27;[0m

    Embedding validation_of_title_page [image/png 80008 bytes]

]]></system-out>
    <system-err><![CDATA[SLF4J: Failed to load class "org.slf4j.impl.StaticLoggerBinder".
SLF4J: Defaulting to no-operation (NOP) logger implementation
SLF4J: See http://www.slf4j.org/codes.html#StaticLoggerBinder for further details.
Jan 16, 2025 7:11:49 PM org.openqa.selenium.devtools.CdpVersionFinder findNearestMatch
WARNING: Unable to find an exact match for CDP version 131, returning the closest version; found: 127; Please update to a Selenium version that supports CDP version 131
]]></system-err>
  </testcase>
</testsuite>